#
# A fatal error has been detected by the Java Runtime Environment:
#
#  SIGSEGV (0xb) at pc=0x0000000107a0c228, pid=4259, tid=17155
#
# JRE version: Java(TM) SE Runtime Environment (8.0_11-b12) (build 1.8.0_11-b12)
# Java VM: Java HotSpot(TM) 64-Bit Server VM (25.11-b03 mixed mode bsd-amd64 compressed oops)
# Problematic frame:
# V  [libjvm.dylib+0x40c228]
#
# Failed to write core dump. Core dumps have been disabled. To enable core dumping, try "ulimit -c unlimited" before starting Java again
#
# If you would like to submit a bug report, please visit:
#   http://bugreport.sun.com/bugreport/crash.jsp
#

---------------  T H R E A D  ---------------

Current thread (0x00007fa78a006800):  JavaThread "JDWP Transport Listener: dt_socket" daemon [_thread_in_vm, id=17155, stack(0x0000700000b3b000,0x0000700000c3b000)]

siginfo:si_signo=SIGSEGV: si_errno=0, si_code=0 (SEGV0), si_addr=0x0000000000000000

Registers:
RAX=0x0000000000000001, RBX=0x0000700000c3aa8b, RCX=0x0000000107db0780, RDX=0x0000700000c3aa8b
RSP=0x0000700000c3a9d0, RBP=0x0000700000c3a9e0, RSI=0x00007fa78a006800, RDI=0x74616c6f636c6143
R8 =0x0000000000000000, R9 =0x00007fa789f31ab0, R10=0x0000000004507dae, R11=0x00007fa789f00000
R12=0x00007fa78a006800, R13=0x74616c6f636c6143, R14=0x74616c6f636c6143, R15=0x00007fa789c04280
RIP=0x0000000107a0c228, EFLAGS=0x0000000000010202, ERR=0x0000000000000000
  TRAPNO=0x000000000000000d

Top of Stack: (sp=0x0000700000c3a9d0)
0x0000700000c3a9d0:   0000700000c3aa8b 0000700000c3aa8b
0x0000700000c3a9e0:   0000700000c3aa40 000000010792552a
0x0000700000c3a9f0:   00007fa78a006800 0000000000000000
0x0000700000c3aa00:   0000000000000000 0000000000000000
0x0000700000c3aa10:   00007fa78a006800 00007fa78a006800
0x0000700000c3aa20:   0000700000c3aa8b 0000700000c3aa90
0x0000700000c3aa30:   74616c6f636c6143 0000000000000003
0x0000700000c3aa40:   0000700000c3aa60 0000000106cbc7dc
0x0000700000c3aa50:   0000000000000001 0000700000c3ab08
0x0000700000c3aa60:   0000700000c3aad0 0000000106ca1263
0x0000700000c3aa70:   0000700000c3aaa0 00007fa789f31a90
0x0000700000c3aa80:   0000000400000032 0000000900c3ab08
0x0000700000c3aa90:   0000000000000000 0000000000000000
0x0000700000c3aaa0:   0000000000000000 0000700000c3ac90
0x0000700000c3aab0:   0000000106cc3eca 00007fa789f30e30
0x0000700000c3aac0:   0000700000c3ab08 0000000106ccf588
0x0000700000c3aad0:   0000700000c3aae0 0000000106ca135c
0x0000700000c3aae0:   0000700000c3ad00 0000000106caa8f6
0x0000700000c3aaf0:   0000019800000013 00000000000f0200
0x0000700000c3ab00:   00007fa789f32460 0000700000c3abea
0x0000700000c3ab10:   00007fa70000009a 0000700000c3ab20
0x0000700000c3ab20:   0000000000000092 0000700000c3ab58
0x0000700000c3ab30:   0000000000000000 0000000000000000
0x0000700000c3ab40:   000001980000001c 00007fff00003c80
0x0000700000c3ab50:   0000700000c3ab58 a77f000004000000
0x0000700000c3ab60:   0e00000008c2d389 6c6c6f72746e6f63
0x0000700000c3ab70:   00007475706e4961 6176616a4c281500
0x0000700000c3ab80:   74532f676e616c2f 005a293b676e6972
0x0000700000c3ab90:   000a000000000000 00f8c1d389a77f00
0x0000700000c3aba0:   74696e693c060000 562928030000003e
0x0000700000c3abb0:   0100000000000000 f0c1d389a77f0000
0x0000700000c3abc0:   6e69616d04000000 6a4c5b2816000000 

Instructions: (pc=0x0000000107a0c228)
0x0000000107a0c208:   40 48 48 85 c0 75 e0 30 c0 0f b6 c0 5d c3 31 c0
0x0000000107a0c218:   5d c3 55 48 89 e5 53 48 83 ec 08 48 85 ff 74 24
0x0000000107a0c228:   48 8b 1f 48 85 db 74 1c 48 83 fb 37 74 16 48 8b
0x0000000107a0c238:   03 48 89 df ff 50 08 84 c0 b8 00 00 00 00 48 0f 

Register to memory mapping:

RAX=0x0000000000000001 is an unknown value
RBX=0x0000700000c3aa8b is pointing into the stack for thread: 0x00007fa78a006800
RCX=0x0000000107db0780: UseMembar+0 in /Library/Java/JavaVirtualMachines/jdk1.8.0_11.jdk/Contents/Home/jre/lib/server/libjvm.dylib at 0x0000000107600000
RDX=0x0000700000c3aa8b is pointing into the stack for thread: 0x00007fa78a006800
RSP=0x0000700000c3a9d0 is pointing into the stack for thread: 0x00007fa78a006800
RBP=0x0000700000c3a9e0 is pointing into the stack for thread: 0x00007fa78a006800
RSI=0x00007fa78a006800 is a thread
RDI=0x74616c6f636c6143 is an unknown value
R8 =0x0000000000000000 is an unknown value
R9 =0x00007fa789f31ab0 is an unknown value
R10=0x0000000004507dae is an unknown value
R11=0x00007fa789f00000 is an unknown value
R12=0x00007fa78a006800 is a thread
R13=0x74616c6f636c6143 is an unknown value
R14=0x74616c6f636c6143 is an unknown value
R15=0x00007fa789c04280 is an unknown value


Stack: [0x0000700000b3b000,0x0000700000c3b000],  sp=0x0000700000c3a9d0,  free space=1022k
Native frames: (J=compiled Java code, j=interpreted, Vv=VM code, C=native code)
V  [libjvm.dylib+0x40c228]
V  [libjvm.dylib+0x32552a]
C  [libjdwp.dylib+0x207dc]  isMethodSynthetic+0x63
C  [libjdwp.dylib+0x5263]  methods1+0x10b
C  [libjdwp.dylib+0x535c]  methodsWithGeneric+0xe
C  [libjdwp.dylib+0xe8f6]  debugLoop_run+0x1ce
C  [libjdwp.dylib+0x1f716]  attachThread+0x4d
V  [libjvm.dylib+0x36659a]
V  [libjvm.dylib+0x51d86d]
V  [libjvm.dylib+0x51efaa]
V  [libjvm.dylib+0x446026]
C  [libsystem_pthread.dylib+0x399d]  _pthread_body+0x83
C  [libsystem_pthread.dylib+0x391a]  _pthread_body+0x0
C  [libsystem_pthread.dylib+0x1351]  thread_start+0xd


---------------  P R O C E S S  ---------------

Java Threads: ( => current thread )
  0x00007fa78a83b800 JavaThread "Service Thread" daemon [_thread_blocked, id=20227, stack(0x000070000114d000,0x000070000124d000)]
  0x00007fa78b020800 JavaThread "C1 CompilerThread2" daemon [_thread_blocked, id=19715, stack(0x000070000104a000,0x000070000114a000)]
  0x00007fa78b01f000 JavaThread "C2 CompilerThread1" daemon [_thread_blocked, id=19203, stack(0x0000700000f47000,0x0000700001047000)]
  0x00007fa78b819800 JavaThread "C2 CompilerThread0" daemon [_thread_blocked, id=18691, stack(0x0000700000e44000,0x0000700000f44000)]
  0x00007fa78b818000 JavaThread "JDWP Command Reader" daemon [_thread_in_native, id=18179, stack(0x0000700000d41000,0x0000700000e41000)]
  0x00007fa78a033800 JavaThread "JDWP Event Helper Thread" daemon [_thread_blocked, id=17667, stack(0x0000700000c3e000,0x0000700000d3e000)]
=>0x00007fa78a006800 JavaThread "JDWP Transport Listener: dt_socket" daemon [_thread_in_vm, id=17155, stack(0x0000700000b3b000,0x0000700000c3b000)]
  0x00007fa78b815800 JavaThread "Signal Dispatcher" daemon [_thread_blocked, id=12815, stack(0x0000700000a38000,0x0000700000b38000)]
  0x00007fa78a020800 JavaThread "Finalizer" daemon [_thread_blocked, id=12291, stack(0x000070000082f000,0x000070000092f000)]
  0x00007fa78a020000 JavaThread "Reference Handler" daemon [_thread_blocked, id=11779, stack(0x000070000072c000,0x000070000082c000)]
  0x00007fa78b001000 JavaThread "main" [_thread_in_native, id=5891, stack(0x000070000011a000,0x000070000021a000)]

Other Threads:
  0x00007fa78a01d800 VMThread [stack: 0x0000700000629000,0x0000700000729000] [id=11267]
  0x00007fa78b81a800 WatcherThread [stack: 0x0000700001250000,0x0000700001350000] [id=20739]

VM state:not at safepoint (normal execution)

VM Mutex/Monitor currently owned by a thread: None

Heap:
 PSYoungGen      total 1024K, used 540K [0x0000000795580000, 0x0000000795780000, 0x00000007c0000000)
  eden space 512K, 8% used [0x0000000795580000,0x000000079558b0d8,0x0000000795600000)
  from space 512K, 96% used [0x0000000795680000,0x00000007956fc010,0x0000000795700000)
  to   space 512K, 0% used [0x0000000795600000,0x0000000795600000,0x0000000795680000)
 ParOldGen       total 129536K, used 144K [0x0000000740000000, 0x0000000747e80000, 0x0000000795580000)
  object space 129536K, 0% used [0x0000000740000000,0x0000000740024000,0x0000000747e80000)
 Metaspace       used 3545K, capacity 4648K, committed 4864K, reserved 1056768K
  class space    used 396K, capacity 400K, committed 512K, reserved 1048576K

Card table byte_map: [0x0000000117881000,0x0000000117c82000] byte_map_base: 0x0000000113e81000

Marking Bits: (ParMarkBitMap*) 0x0000000107e670a0
 Begin Bits: [0x0000000117f2d000, 0x0000000119f2d000)
 End Bits:   [0x0000000119f2d000, 0x000000011bf2d000)

Polling page: 0x0000000106c9b000

CodeCache: size=245760Kb used=1190Kb max_used=1198Kb free=244569Kb
 bounds [0x00000001084c1000, 0x0000000108731000, 0x00000001174c1000]
 total_blobs=300 nmethods=64 adapters=160
 compilation: enabled

Compilation events (10 events):
Event: 0.500 Thread 0x00007fa78b020800   58       3       java.lang.CharacterDataLatin1::getProperties (11 bytes)
Event: 0.500 Thread 0x00007fa78b020800 nmethod 58 0x00000001085e5c50 code [0x00000001085e5da0, 0x00000001085e5f30]
Event: 0.501 Thread 0x00007fa78b819800   59       4       java.lang.String::hashCode (55 bytes)
Event: 0.504 Thread 0x00007fa78b020800   60       1       java.lang.String::length (6 bytes)
Event: 0.504 Thread 0x00007fa78b020800 nmethod 60 0x00000001085e96d0 code [0x00000001085e9820, 0x00000001085e9930]
Event: 0.506 Thread 0x00007fa78b819800 nmethod 59 0x00000001085ec750 code [0x00000001085ec8a0, 0x00000001085eca38]
Event: 9.213 Thread 0x00007fa78b020800   61       1       java.nio.Buffer::position (5 bytes)
Event: 9.214 Thread 0x00007fa78b020800 nmethod 61 0x00000001085ec490 code [0x00000001085ec5e0, 0x00000001085ec6f0]
Event: 181.932 Thread 0x00007fa78b020800   62       3       java.util.concurrent.ConcurrentHashMap::setTabAt (19 bytes)
Event: 181.932 Thread 0x00007fa78b020800 nmethod 62 0x00000001085eba10 code [0x00000001085ebb60, 0x00000001085ebcd0]

GC Heap History (4 events):
Event: 0.448 GC heap before
{Heap before GC invocations=1 (full 0):
 PSYoungGen      total 1024K, used 512K [0x0000000795580000, 0x0000000795700000, 0x00000007c0000000)
  eden space 512K, 100% used [0x0000000795580000,0x0000000795600000,0x0000000795600000)
  from space 512K, 0% used [0x0000000795680000,0x0000000795680000,0x0000000795700000)
  to   space 512K, 0% used [0x0000000795600000,0x0000000795600000,0x0000000795680000)
 ParOldGen       total 129536K, used 0K [0x0000000740000000, 0x0000000747e80000, 0x0000000795580000)
  object space 129536K, 0% used [0x0000000740000000,0x0000000740000000,0x0000000747e80000)
 Metaspace       used 2519K, capacity 4480K, committed 4480K, reserved 1056768K
  class space    used 268K, capacity 384K, committed 384K, reserved 1048576K
Event: 0.449 GC heap after
Heap after GC invocations=1 (full 0):
 PSYoungGen      total 1024K, used 464K [0x0000000795580000, 0x0000000795700000, 0x00000007c0000000)
  eden space 512K, 0% used [0x0000000795580000,0x0000000795580000,0x0000000795600000)
  from space 512K, 90% used [0x0000000795600000,0x0000000795674010,0x0000000795680000)
  to   space 512K, 0% used [0x0000000795680000,0x0000000795680000,0x0000000795700000)
 ParOldGen       total 129536K, used 8K [0x0000000740000000, 0x0000000747e80000, 0x0000000795580000)
  object space 129536K, 0% used [0x0000000740000000,0x0000000740002000,0x0000000747e80000)
 Metaspace       used 2519K, capacity 4480K, committed 4480K, reserved 1056768K
  class space    used 268K, capacity 384K, committed 384K, reserved 1048576K
}
Event: 0.497 GC heap before
{Heap before GC invocations=2 (full 0):
 PSYoungGen      total 1024K, used 966K [0x0000000795580000, 0x0000000795700000, 0x00000007c0000000)
  eden space 512K, 98% used [0x0000000795580000,0x00000007955fd960,0x0000000795600000)
  from space 512K, 90% used [0x0000000795600000,0x0000000795674010,0x0000000795680000)
  to   space 512K, 0% used [0x0000000795680000,0x0000000795680000,0x0000000795700000)
 ParOldGen       total 129536K, used 8K [0x0000000740000000, 0x0000000747e80000, 0x0000000795580000)
  object space 129536K, 0% used [0x0000000740000000,0x0000000740002000,0x0000000747e80000)
 Metaspace       used 3415K, capacity 4496K, committed 4864K, reserved 1056768K
  class space    used 383K, capacity 388K, committed 512K, reserved 1048576K
Event: 0.499 GC heap after
Heap after GC invocations=2 (full 0):
 PSYoungGen      total 1024K, used 496K [0x0000000795580000, 0x0000000795780000, 0x00000007c0000000)
  eden space 512K, 0% used [0x0000000795580000,0x0000000795580000,0x0000000795600000)
  from space 512K, 96% used [0x0000000795680000,0x00000007956fc010,0x0000000795700000)
  to   space 512K, 0% used [0x0000000795600000,0x0000000795600000,0x0000000795680000)
 ParOldGen       total 129536K, used 144K [0x0000000740000000, 0x0000000747e80000, 0x0000000795580000)
  object space 129536K, 0% used [0x0000000740000000,0x0000000740024000,0x0000000747e80000)
 Metaspace       used 3415K, capacity 4496K, committed 4864K, reserved 1056768K
  class space    used 383K, capacity 388K, committed 512K, reserved 1048576K
}

Deoptimization events (0 events):
No events

Internal exceptions (8 events):
Event: 0.090 Thread 0x00007fa78b001000 Exception <a 'java/lang/NoSuchMethodError': Method sun.misc.Unsafe.defineClass(Ljava/lang/String;[BII)Ljava/lang/Class; name or signature does not match> (0x0000000795594a80) thrown at [/HUDSON3/workspace/8-2-build-macosx-x86_64/jdk8u11/648/hotspot/src/sh
Event: 0.091 Thread 0x00007fa78b001000 Exception <a 'java/lang/NoSuchMethodError': Method sun.misc.Unsafe.prefetchRead(Ljava/lang/Object;J)V name or signature does not match> (0x0000000795594d10) thrown at [/HUDSON3/workspace/8-2-build-macosx-x86_64/jdk8u11/648/hotspot/src/share/vm/prims/jni.c
Event: 0.462 Thread 0x00007fa78b001000 Exception <a 'java/security/PrivilegedActionException'> (0x00000007955a4990) thrown at [/HUDSON3/workspace/8-2-build-macosx-x86_64/jdk8u11/648/hotspot/src/share/vm/prims/jvm.cpp, line 1248]
Event: 0.468 Thread 0x00007fa78b001000 Exception <a 'java/security/PrivilegedActionException'> (0x00000007955aaf88) thrown at [/HUDSON3/workspace/8-2-build-macosx-x86_64/jdk8u11/648/hotspot/src/share/vm/prims/jvm.cpp, line 1248]
Event: 0.483 Thread 0x00007fa78b001000 Exception <a 'java/security/PrivilegedActionException'> (0x00000007955d32a8) thrown at [/HUDSON3/workspace/8-2-build-macosx-x86_64/jdk8u11/648/hotspot/src/share/vm/prims/jvm.cpp, line 1248]
Event: 0.483 Thread 0x00007fa78b001000 Exception <a 'java/security/PrivilegedActionException'> (0x00000007955d35f0) thrown at [/HUDSON3/workspace/8-2-build-macosx-x86_64/jdk8u11/648/hotspot/src/share/vm/prims/jvm.cpp, line 1248]
Event: 0.483 Thread 0x00007fa78b001000 Exception <a 'java/security/PrivilegedActionException'> (0x00000007955d6988) thrown at [/HUDSON3/workspace/8-2-build-macosx-x86_64/jdk8u11/648/hotspot/src/share/vm/prims/jvm.cpp, line 1248]
Event: 0.483 Thread 0x00007fa78b001000 Exception <a 'java/security/PrivilegedActionException'> (0x00000007955d6cd0) thrown at [/HUDSON3/workspace/8-2-build-macosx-x86_64/jdk8u11/648/hotspot/src/share/vm/prims/jvm.cpp, line 1248]

Events (10 events):
Event: 0.506 loading class java/util/regex/Pattern$Dollar
Event: 0.506 loading class java/util/regex/Pattern$Dollar done
Event: 4.466 Executing VM operation: EnableBiasedLocking
Event: 4.466 Executing VM operation: EnableBiasedLocking done
Event: 181.929 Executing VM operation: RedefineClasses
Event: 181.932 Executing VM operation: RedefineClasses done
Event: 238.473 Executing VM operation: RedefineClasses
Event: 238.473 Executing VM operation: RedefineClasses done
Event: 1053.718 Executing VM operation: RedefineClasses
Event: 1053.718 Executing VM operation: RedefineClasses done


Dynamic libraries:
0x0000000008eb2000 	/System/Library/Frameworks/Cocoa.framework/Versions/A/Cocoa
0x0000000008eb2000 	/System/Library/Frameworks/Security.framework/Versions/A/Security
0x0000000008eb2000 	/System/Library/Frameworks/ApplicationServices.framework/Versions/A/ApplicationServices
0x0000000008eb2000 	/usr/lib/libz.1.dylib
0x0000000008eb2000 	/usr/lib/libSystem.B.dylib
0x0000000008eb2000 	/usr/lib/libobjc.A.dylib
0x0000000008eb2000 	/System/Library/Frameworks/CoreFoundation.framework/Versions/A/CoreFoundation
0x0000000008eb2000 	/System/Library/Frameworks/Foundation.framework/Versions/C/Foundation
0x0000000008eb2000 	/System/Library/Frameworks/AppKit.framework/Versions/C/AppKit
0x0000000008eb2000 	/System/Library/Frameworks/CoreData.framework/Versions/A/CoreData
0x0000000008eb2000 	/System/Library/PrivateFrameworks/RemoteViewServices.framework/Versions/A/RemoteViewServices
0x0000000008eb2000 	/System/Library/PrivateFrameworks/UIFoundation.framework/Versions/A/UIFoundation
0x0000000008eb2000 	/usr/lib/libScreenReader.dylib
0x0000000008eb2000 	/System/Library/Frameworks/Accelerate.framework/Versions/A/Accelerate
0x0000000008eb2000 	/System/Library/Frameworks/IOSurface.framework/Versions/A/IOSurface
0x0000000008eb2000 	/System/Library/Frameworks/AudioToolbox.framework/Versions/A/AudioToolbox
0x0000000008eb2000 	/System/Library/Frameworks/AudioUnit.framework/Versions/A/AudioUnit
0x0000000008eb2000 	/System/Library/PrivateFrameworks/DataDetectorsCore.framework/Versions/A/DataDetectorsCore
0x0000000008eb2000 	/System/Library/PrivateFrameworks/DesktopServicesPriv.framework/Versions/A/DesktopServicesPriv
0x0000000008eb2000 	/System/Library/Frameworks/Carbon.framework/Versions/A/Frameworks/HIToolbox.framework/Versions/A/HIToolbox
0x0000000008eb2000 	/System/Library/Frameworks/QuartzCore.framework/Versions/A/QuartzCore
0x0000000008eb2000 	/System/Library/Frameworks/Carbon.framework/Versions/A/Frameworks/SpeechRecognition.framework/Versions/A/SpeechRecognition
0x0000000008eb2000 	/usr/lib/libauto.dylib
0x0000000008eb2000 	/usr/lib/libicucore.A.dylib
0x0000000008eb2000 	/usr/lib/libxml2.2.dylib
0x0000000008eb2000 	/System/Library/PrivateFrameworks/CoreUI.framework/Versions/A/CoreUI
0x0000000008eb2000 	/System/Library/Frameworks/CoreAudio.framework/Versions/A/CoreAudio
0x0000000008eb2000 	/System/Library/Frameworks/DiskArbitration.framework/Versions/A/DiskArbitration
0x0000000008eb2000 	/usr/lib/liblangid.dylib
0x0000000008eb2000 	/System/Library/PrivateFrameworks/MultitouchSupport.framework/Versions/A/MultitouchSupport
0x0000000008eb2000 	/System/Library/Frameworks/IOKit.framework/Versions/A/IOKit
0x0000000008eb2000 	/usr/lib/libDiagnosticMessagesClient.dylib
0x0000000008eb2000 	/System/Library/Frameworks/CoreServices.framework/Versions/A/CoreServices
0x0000000008eb2000 	/System/Library/PrivateFrameworks/PerformanceAnalysis.framework/Versions/A/PerformanceAnalysis
0x0000000008eb2000 	/System/Library/PrivateFrameworks/GenerationalStorage.framework/Versions/A/GenerationalStorage
0x0000000008eb2000 	/System/Library/Frameworks/OpenGL.framework/Versions/A/OpenGL
0x0000000008eb2000 	/System/Library/PrivateFrameworks/Sharing.framework/Versions/A/Sharing
0x0000000008eb2000 	/System/Library/Frameworks/CoreGraphics.framework/Versions/A/CoreGraphics
0x0000000008eb2000 	/System/Library/Frameworks/CoreImage.framework/Versions/A/CoreImage
0x0000000008eb2000 	/System/Library/Frameworks/CoreText.framework/Versions/A/CoreText
0x0000000008eb2000 	/System/Library/Frameworks/ImageIO.framework/Versions/A/ImageIO
0x0000000008eb2000 	/System/Library/PrivateFrameworks/Backup.framework/Versions/A/Backup
0x0000000008eb2000 	/usr/lib/libextension.dylib
0x0000000008eb2000 	/usr/lib/libarchive.2.dylib
0x0000000008eb2000 	/System/Library/Frameworks/CFNetwork.framework/Versions/A/CFNetwork
0x0000000008eb2000 	/System/Library/Frameworks/SystemConfiguration.framework/Versions/A/SystemConfiguration
0x0000000008eb2000 	/usr/lib/libCRFSuite.dylib
0x0000000008eb2000 	/usr/lib/libc++.1.dylib
0x0000000008eb2000 	/usr/lib/libc++abi.dylib
0x0000000008eb2000 	/usr/lib/system/libcache.dylib
0x0000000008eb2000 	/usr/lib/system/libcommonCrypto.dylib
0x0000000008eb2000 	/usr/lib/system/libcompiler_rt.dylib
0x0000000008eb2000 	/usr/lib/system/libcopyfile.dylib
0x0000000008eb2000 	/usr/lib/system/libcorecrypto.dylib
0x0000000008eb2000 	/usr/lib/system/libdispatch.dylib
0x0000000008eb2000 	/usr/lib/system/libdyld.dylib
0x0000000008eb2000 	/usr/lib/system/libkeymgr.dylib
0x0000000008eb2000 	/usr/lib/system/liblaunch.dylib
0x0000000008eb2000 	/usr/lib/system/libmacho.dylib
0x0000000008eb2000 	/usr/lib/system/libquarantine.dylib
0x0000000008eb2000 	/usr/lib/system/libremovefile.dylib
0x0000000008eb2000 	/usr/lib/system/libsystem_asl.dylib
0x0000000008eb2000 	/usr/lib/system/libsystem_blocks.dylib
0x0000000008eb2000 	/usr/lib/system/libsystem_c.dylib
0x0000000008eb2000 	/usr/lib/system/libsystem_configuration.dylib
0x0000000008eb2000 	/usr/lib/system/libsystem_coreservices.dylib
0x0000000008eb2000 	/usr/lib/system/libsystem_coretls.dylib
0x0000000008eb2000 	/usr/lib/system/libsystem_dnssd.dylib
0x0000000008eb2000 	/usr/lib/system/libsystem_info.dylib
0x0000000008eb2000 	/usr/lib/system/libsystem_kernel.dylib
0x0000000008eb2000 	/usr/lib/system/libsystem_m.dylib
0x0000000008eb2000 	/usr/lib/system/libsystem_malloc.dylib
0x0000000008eb2000 	/usr/lib/system/libsystem_network.dylib
0x0000000008eb2000 	/usr/lib/system/libsystem_networkextension.dylib
0x0000000008eb2000 	/usr/lib/system/libsystem_notify.dylib
0x0000000008eb2000 	/usr/lib/system/libsystem_platform.dylib
0x0000000008eb2000 	/usr/lib/system/libsystem_pthread.dylib
0x0000000008eb2000 	/usr/lib/system/libsystem_sandbox.dylib
0x0000000008eb2000 	/usr/lib/system/libsystem_secinit.dylib
0x0000000008eb2000 	/usr/lib/system/libsystem_trace.dylib
0x0000000008eb2000 	/usr/lib/system/libunc.dylib
0x0000000008eb2000 	/usr/lib/system/libunwind.dylib
0x0000000008eb2000 	/usr/lib/system/libxpc.dylib
0x0000000008eb2000 	/usr/lib/libenergytrace.dylib
0x0000000008eb2000 	/usr/lib/libbsm.0.dylib
0x0000000008eb2000 	/usr/lib/system/libkxld.dylib
0x0000000008eb2000 	/usr/lib/libxar.1.dylib
0x0000000008eb2000 	/usr/lib/libsqlite3.dylib
0x0000000008eb2000 	/usr/lib/libpam.2.dylib
0x0000000008eb2000 	/usr/lib/libOpenScriptingUtil.dylib
0x0000000008eb2000 	/usr/lib/libbz2.1.0.dylib
0x0000000008eb2000 	/usr/lib/liblzma.5.dylib
0x0000000008eb2000 	/System/Library/Frameworks/CoreServices.framework/Versions/A/Frameworks/FSEvents.framework/Versions/A/FSEvents
0x0000000008eb2000 	/System/Library/Frameworks/CoreServices.framework/Versions/A/Frameworks/CarbonCore.framework/Versions/A/CarbonCore
0x0000000008eb2000 	/System/Library/Frameworks/CoreServices.framework/Versions/A/Frameworks/Metadata.framework/Versions/A/Metadata
0x0000000008eb2000 	/System/Library/Frameworks/CoreServices.framework/Versions/A/Frameworks/OSServices.framework/Versions/A/OSServices
0x0000000008eb2000 	/System/Library/Frameworks/CoreServices.framework/Versions/A/Frameworks/SearchKit.framework/Versions/A/SearchKit
0x0000000008eb2000 	/System/Library/Frameworks/CoreServices.framework/Versions/A/Frameworks/AE.framework/Versions/A/AE
0x0000000008eb2000 	/System/Library/Frameworks/CoreServices.framework/Versions/A/Frameworks/LaunchServices.framework/Versions/A/LaunchServices
0x0000000008eb2000 	/System/Library/Frameworks/CoreServices.framework/Versions/A/Frameworks/DictionaryServices.framework/Versions/A/DictionaryServices
0x0000000008eb2000 	/System/Library/Frameworks/CoreServices.framework/Versions/A/Frameworks/SharedFileList.framework/Versions/A/SharedFileList
0x0000000008eb2000 	/System/Library/Frameworks/NetFS.framework/Versions/A/NetFS
0x0000000008eb2000 	/System/Library/PrivateFrameworks/NetAuth.framework/Versions/A/NetAuth
0x0000000008eb2000 	/System/Library/PrivateFrameworks/login.framework/Versions/A/Frameworks/loginsupport.framework/Versions/A/loginsupport
0x0000000008eb2000 	/System/Library/PrivateFrameworks/TCC.framework/Versions/A/TCC
0x0000000008eb2000 	/usr/lib/libmecabra.dylib
0x0000000008eb2000 	/System/Library/Frameworks/ApplicationServices.framework/Versions/A/Frameworks/ATS.framework/Versions/A/ATS
0x0000000008eb2000 	/System/Library/Frameworks/ApplicationServices.framework/Versions/A/Frameworks/ColorSync.framework/Versions/A/ColorSync
0x0000000008eb2000 	/System/Library/Frameworks/ApplicationServices.framework/Versions/A/Frameworks/HIServices.framework/Versions/A/HIServices
0x0000000008eb2000 	/System/Library/Frameworks/ApplicationServices.framework/Versions/A/Frameworks/LangAnalysis.framework/Versions/A/LangAnalysis
0x0000000008eb2000 	/System/Library/Frameworks/ApplicationServices.framework/Versions/A/Frameworks/PrintCore.framework/Versions/A/PrintCore
0x0000000008eb2000 	/System/Library/Frameworks/ApplicationServices.framework/Versions/A/Frameworks/QD.framework/Versions/A/QD
0x0000000008eb2000 	/System/Library/Frameworks/ApplicationServices.framework/Versions/A/Frameworks/SpeechSynthesis.framework/Versions/A/SpeechSynthesis
0x0000000008eb2000 	/System/Library/Frameworks/Metal.framework/Versions/A/Metal
0x0000000008eb2000 	/System/Library/Frameworks/Accelerate.framework/Versions/A/Frameworks/vImage.framework/Versions/A/vImage
0x0000000008eb2000 	/System/Library/Frameworks/Accelerate.framework/Versions/A/Frameworks/vecLib.framework/Versions/A/vecLib
0x0000000008eb2000 	/System/Library/Frameworks/Accelerate.framework/Versions/A/Frameworks/vecLib.framework/Versions/A/libvDSP.dylib
0x0000000008eb2000 	/System/Library/Frameworks/Accelerate.framework/Versions/A/Frameworks/vecLib.framework/Versions/A/libvMisc.dylib
0x0000000008eb2000 	/System/Library/Frameworks/Accelerate.framework/Versions/A/Frameworks/vecLib.framework/Versions/A/libLAPACK.dylib
0x0000000008eb2000 	/System/Library/Frameworks/Accelerate.framework/Versions/A/Frameworks/vecLib.framework/Versions/A/libBLAS.dylib
0x0000000008eb2000 	/System/Library/Frameworks/Accelerate.framework/Versions/A/Frameworks/vecLib.framework/Versions/A/libLinearAlgebra.dylib
0x0000000008eb2000 	/System/Library/Frameworks/Accelerate.framework/Versions/A/Frameworks/vecLib.framework/Versions/A/libSparseBLAS.dylib
0x0000000008eb2000 	/System/Library/PrivateFrameworks/GPUCompiler.framework/libmetal_timestamp.dylib
0x0000000008eb2000 	/System/Library/Frameworks/OpenGL.framework/Versions/A/Libraries/libCoreFSCache.dylib
0x0000000008eb2000 	/System/Library/PrivateFrameworks/IOAccelerator.framework/Versions/A/IOAccelerator
0x0000000008eb2000 	/System/Library/Frameworks/ApplicationServices.framework/Versions/A/Frameworks/ATS.framework/Versions/A/Resources/libFontParser.dylib
0x0000000008eb2000 	/System/Library/Frameworks/ApplicationServices.framework/Versions/A/Frameworks/ATS.framework/Versions/A/Resources/libFontRegistry.dylib
0x0000000008eb2000 	/System/Library/PrivateFrameworks/AppleVPA.framework/Versions/A/AppleVPA
0x0000000008eb2000 	/System/Library/PrivateFrameworks/AppleJPEG.framework/Versions/A/AppleJPEG
0x0000000008eb2000 	/System/Library/Frameworks/ImageIO.framework/Versions/A/Resources/libJPEG.dylib
0x0000000008eb2000 	/System/Library/Frameworks/ImageIO.framework/Versions/A/Resources/libTIFF.dylib
0x0000000008eb2000 	/System/Library/Frameworks/ImageIO.framework/Versions/A/Resources/libPng.dylib
0x0000000008eb2000 	/System/Library/Frameworks/ImageIO.framework/Versions/A/Resources/libGIF.dylib
0x0000000008eb2000 	/System/Library/Frameworks/ImageIO.framework/Versions/A/Resources/libJP2.dylib
0x0000000008eb2000 	/System/Library/Frameworks/ImageIO.framework/Versions/A/Resources/libRadiance.dylib
0x0000000008eb2000 	/System/Library/Frameworks/CoreVideo.framework/Versions/A/CoreVideo
0x0000000008eb2000 	/System/Library/Frameworks/OpenGL.framework/Versions/A/Libraries/libGLU.dylib
0x0000000008eb2000 	/System/Library/Frameworks/OpenGL.framework/Versions/A/Libraries/libGFXShared.dylib
0x0000000008eb2000 	/System/Library/Frameworks/OpenGL.framework/Versions/A/Libraries/libGL.dylib
0x0000000008eb2000 	/System/Library/Frameworks/OpenGL.framework/Versions/A/Libraries/libGLImage.dylib
0x0000000008eb2000 	/System/Library/Frameworks/OpenGL.framework/Versions/A/Libraries/libCVMSPluginSupport.dylib
0x0000000008eb2000 	/System/Library/Frameworks/OpenGL.framework/Versions/A/Libraries/libCoreVMClient.dylib
0x0000000008eb2000 	/usr/lib/libcompression.dylib
0x0000000008eb2000 	/usr/lib/libcups.2.dylib
0x0000000008eb2000 	/System/Library/Frameworks/Kerberos.framework/Versions/A/Kerberos
0x0000000008eb2000 	/System/Library/Frameworks/GSS.framework/Versions/A/GSS
0x0000000008eb2000 	/usr/lib/libresolv.9.dylib
0x0000000008eb2000 	/usr/lib/libiconv.2.dylib
0x0000000008eb2000 	/System/Library/PrivateFrameworks/Heimdal.framework/Versions/A/Heimdal
0x0000000008eb2000 	/usr/lib/libheimdal-asn1.dylib
0x0000000008eb2000 	/System/Library/Frameworks/OpenDirectory.framework/Versions/A/OpenDirectory
0x0000000008eb2000 	/System/Library/PrivateFrameworks/CommonAuth.framework/Versions/A/CommonAuth
0x0000000008eb2000 	/System/Library/Frameworks/OpenDirectory.framework/Versions/A/Frameworks/CFOpenDirectory.framework/Versions/A/CFOpenDirectory
0x0000000008eb2000 	/System/Library/Frameworks/SecurityFoundation.framework/Versions/A/SecurityFoundation
0x0000000008eb2000 	/System/Library/PrivateFrameworks/LanguageModeling.framework/Versions/A/LanguageModeling
0x0000000008eb2000 	/usr/lib/libmarisa.dylib
0x0000000008eb2000 	/usr/lib/libChineseTokenizer.dylib
0x0000000008eb2000 	/usr/lib/libcmph.dylib
0x0000000008eb2000 	/System/Library/Frameworks/ServiceManagement.framework/Versions/A/ServiceManagement
0x0000000008eb2000 	/usr/lib/libxslt.1.dylib
0x0000000008eb2000 	/System/Library/Frameworks/Carbon.framework/Versions/A/Frameworks/Ink.framework/Versions/A/Ink
0x0000000008eb2000 	/usr/lib/libFosl_dynamic.dylib
0x0000000008eb2000 	/System/Library/PrivateFrameworks/FaceCore.framework/Versions/A/FaceCore
0x0000000008eb2000 	/System/Library/Frameworks/OpenCL.framework/Versions/A/OpenCL
0x0000000008eb2000 	/System/Library/PrivateFrameworks/CrashReporterSupport.framework/Versions/A/CrashReporterSupport
0x0000000008eb2000 	/System/Library/PrivateFrameworks/IconServices.framework/Versions/A/IconServices
0x0000000008eb2000 	/System/Library/PrivateFrameworks/Apple80211.framework/Versions/A/Apple80211
0x0000000008eb2000 	/System/Library/Frameworks/CoreWLAN.framework/Versions/A/CoreWLAN
0x0000000008eb2000 	/System/Library/Frameworks/IOBluetooth.framework/Versions/A/IOBluetooth
0x0000000008eb2000 	/System/Library/PrivateFrameworks/CoreWiFi.framework/Versions/A/CoreWiFi
0x0000000008eb2000 	/System/Library/Frameworks/CoreBluetooth.framework/Versions/A/CoreBluetooth
0x0000000008eb2000 	/System/Library/PrivateFrameworks/ChunkingLibrary.framework/Versions/A/ChunkingLibrary
0x0000000008eb2000 	/System/Library/PrivateFrameworks/DebugSymbols.framework/Versions/A/DebugSymbols
0x0000000008eb2000 	/System/Library/PrivateFrameworks/CoreSymbolication.framework/Versions/A/CoreSymbolication
0x0000000008eb2000 	/System/Library/PrivateFrameworks/Symbolication.framework/Versions/A/Symbolication
0x0000000008eb2000 	/System/Library/PrivateFrameworks/SpeechRecognitionCore.framework/Versions/A/SpeechRecognitionCore
0x0000000107600000 	/Library/Java/JavaVirtualMachines/jdk1.8.0_11.jdk/Contents/Home/jre/lib/server/libjvm.dylib
0x0000000008eb2000 	/usr/lib/libstdc++.6.dylib
0x0000000106c59000 	/Library/Java/JavaVirtualMachines/jdk1.8.0_11.jdk/Contents/Home/jre/lib/libverify.dylib
0x0000000106c67000 	/Library/Java/JavaVirtualMachines/jdk1.8.0_11.jdk/Contents/Home/jre/lib/libjava.dylib
0x0000000106c9c000 	/Library/Java/JavaVirtualMachines/jdk1.8.0_11.jdk/Contents/Home/jre/lib/libjdwp.dylib
0x0000000106ce7000 	/Library/Java/JavaVirtualMachines/jdk1.8.0_11.jdk/Contents/Home/jre/lib/libnpt.dylib
0x0000000106cf4000 	/Library/Java/JavaVirtualMachines/jdk1.8.0_11.jdk/Contents/Home/jre/lib/libzip.dylib
0x000000011dd24000 	/System/Library/Frameworks/JavaVM.framework/Frameworks/JavaRuntimeSupport.framework/JavaRuntimeSupport
0x000000011dd3f000 	/System/Library/Frameworks/JavaVM.framework/Versions/A/Frameworks/JavaNativeFoundation.framework/Versions/A/JavaNativeFoundation
0x000000011dd54000 	/System/Library/Frameworks/JavaVM.framework/Versions/A/JavaVM
0x0000000008eb2000 	/System/Library/Frameworks/Carbon.framework/Versions/A/Carbon
0x000000011dd61000 	/System/Library/PrivateFrameworks/JavaLaunching.framework/Versions/A/JavaLaunching
0x0000000008eb2000 	/System/Library/Frameworks/Carbon.framework/Versions/A/Frameworks/CommonPanels.framework/Versions/A/CommonPanels
0x0000000008eb2000 	/System/Library/Frameworks/Carbon.framework/Versions/A/Frameworks/Help.framework/Versions/A/Help
0x0000000008eb2000 	/System/Library/Frameworks/Carbon.framework/Versions/A/Frameworks/ImageCapture.framework/Versions/A/ImageCapture
0x0000000008eb2000 	/System/Library/Frameworks/Carbon.framework/Versions/A/Frameworks/OpenScripting.framework/Versions/A/OpenScripting
0x0000000008eb2000 	/System/Library/Frameworks/Carbon.framework/Versions/A/Frameworks/Print.framework/Versions/A/Print
0x0000000008eb2000 	/System/Library/Frameworks/Carbon.framework/Versions/A/Frameworks/SecurityHI.framework/Versions/A/SecurityHI
0x000000011f680000 	/Library/Java/JavaVirtualMachines/jdk1.8.0_11.jdk/Contents/Home/jre/lib/libdt_socket.dylib

VM Arguments:
jvm_args: -agentlib:jdwp=transport=dt_socket,suspend=y,address=localhost:57628 -Dfile.encoding=UTF-8 
java_command: calcolatrice.Calcolatrice
java_class_path (initial): /Users/mauro/Documents/workspaceEclipse/Calcolatrice/bin
Launcher Type: SUN_STANDARD

Environment Variables:
PATH=/usr/bin:/bin:/usr/sbin:/sbin
SHELL=/bin/bash

Signal Handlers:
SIGSEGV: [libjvm.dylib+0x56059b], sa_mask[0]=0xfffefeff, sa_flags=0x00000043
SIGBUS: [libjvm.dylib+0x56059b], sa_mask[0]=0xfffefeff, sa_flags=0x00000042
SIGFPE: [libjvm.dylib+0x4438f2], sa_mask[0]=0xfffefeff, sa_flags=0x00000042
SIGPIPE: [libjvm.dylib+0x4438f2], sa_mask[0]=0xfffefeff, sa_flags=0x00000042
SIGXFSZ: [libjvm.dylib+0x4438f2], sa_mask[0]=0xfffefeff, sa_flags=0x00000042
SIGILL: [libjvm.dylib+0x4438f2], sa_mask[0]=0xfffefeff, sa_flags=0x00000042
SIGUSR1: SIG_DFL, sa_mask[0]=0x00000000, sa_flags=0x00000000
SIGUSR2: [libjvm.dylib+0x443410], sa_mask[0]=0x00000004, sa_flags=0x00000042
SIGHUP: [libjvm.dylib+0x44179b], sa_mask[0]=0xfffefeff, sa_flags=0x00000042
SIGINT: [libjvm.dylib+0x44179b], sa_mask[0]=0xfffefeff, sa_flags=0x00000042
SIGTERM: [libjvm.dylib+0x44179b], sa_mask[0]=0xfffefeff, sa_flags=0x00000042
SIGQUIT: [libjvm.dylib+0x44179b], sa_mask[0]=0xfffefeff, sa_flags=0x00000042


---------------  S Y S T E M  ---------------

OS:Bsduname:Darwin 15.6.0 Darwin Kernel Version 15.6.0: Mon Jan  9 23:07:29 PST 2017; root:xnu-3248.60.11.2.1~1/RELEASE_X86_64 x86_64
rlimit: STACK 8192k, CORE 0k, NPROC 709, NOFILE 10240, AS infinity
load average:1.85 2.00 1.99

CPU:total 4 (2 cores per cpu, 2 threads per core) family 6 model 69 stepping 1, cmov, cx8, fxsr, mmx, sse, sse2, sse3, ssse3, sse4.1, sse4.2, popcnt, avx, avx2, aes, clmul, erms, ht, tsc, tscinvbit

Memory: 4k page, physical 8388608k(151868k free)

/proc/meminfo:


vm_info: Java HotSpot(TM) 64-Bit Server VM (25.11-b03) for bsd-amd64 JRE (1.8.0_11-b12), built on Jun 16 2014 17:39:42 by "java_re" with gcc 4.2.1 (Based on Apple Inc. build 5658) (LLVM build 2336.11.00)

time: Mon Feb 13 11:56:10 2017
elapsed time: 1053 seconds

